Determining if the pthread_create exist failed with the following output:
Change Dir: /home/mylxiaoyi/ros_catkin_ws/src/gazebo-4.0.0/build/CMakeFiles/CMakeTmp

Run Build Command:/usr/bin/gmake "cmTryCompileExec195904117/fast"
/usr/bin/gmake -f CMakeFiles/cmTryCompileExec195904117.dir/build.make CMakeFiles/cmTryCompileExec195904117.dir/build
gmake[1]: Entering directory '/home/mylxiaoyi/ros_catkin_ws/src/gazebo-4.0.0/build/CMakeFiles/CMakeTmp'
/usr/bin/cmake -E cmake_progress_report /home/mylxiaoyi/ros_catkin_ws/src/gazebo-4.0.0/build/CMakeFiles/CMakeTmp/CMakeFiles 1
Building C object CMakeFiles/cmTryCompileExec195904117.dir/CheckSymbolExists.c.o
/usr/bin/cc    -o CMakeFiles/cmTryCompileExec195904117.dir/CheckSymbolExists.c.o   -c /home/mylxiaoyi/ros_catkin_ws/src/gazebo-4.0.0/build/CMakeFiles/CMakeTmp/CheckSymbolExists.c
Linking C executable cmTryCompileExec195904117
/usr/bin/cmake -E cmake_link_script CMakeFiles/cmTryCompileExec195904117.dir/link.txt --verbose=1
/usr/bin/cc       CMakeFiles/cmTryCompileExec195904117.dir/CheckSymbolExists.c.o  -o cmTryCompileExec195904117 -rdynamic 
CMakeFiles/cmTryCompileExec195904117.dir/CheckSymbolExists.c.o：在函数‘main’中：
CheckSymbolExists.c:(.text+0x16)：对‘pthread_create’未定义的引用
collect2: 错误：ld 返回 1
CMakeFiles/cmTryCompileExec195904117.dir/build.make:91: recipe for target 'cmTryCompileExec195904117' failed
gmake[1]: Leaving directory '/home/mylxiaoyi/ros_catkin_ws/src/gazebo-4.0.0/build/CMakeFiles/CMakeTmp'
gmake[1]: *** [cmTryCompileExec195904117] Error 1
Makefile:117: recipe for target 'cmTryCompileExec195904117/fast' failed
gmake: *** [cmTryCompileExec195904117/fast] Error 2

File /home/mylxiaoyi/ros_catkin_ws/src/gazebo-4.0.0/build/CMakeFiles/CMakeTmp/CheckSymbolExists.c:
/* */
#include <pthread.h>

int main(int argc, char** argv)
{
  (void)argv;
#ifndef pthread_create
  return ((int*)(&pthread_create))[argc];
#else
  (void)argc;
  return 0;
#endif
}

Determining if the function pthread_create exists in the pthreads failed with the following output:
Change Dir: /home/mylxiaoyi/ros_catkin_ws/src/gazebo-4.0.0/build/CMakeFiles/CMakeTmp

Run Build Command:/usr/bin/gmake "cmTryCompileExec4043992732/fast"
/usr/bin/gmake -f CMakeFiles/cmTryCompileExec4043992732.dir/build.make CMakeFiles/cmTryCompileExec4043992732.dir/build
gmake[1]: Entering directory '/home/mylxiaoyi/ros_catkin_ws/src/gazebo-4.0.0/build/CMakeFiles/CMakeTmp'
/usr/bin/cmake -E cmake_progress_report /home/mylxiaoyi/ros_catkin_ws/src/gazebo-4.0.0/build/CMakeFiles/CMakeTmp/CMakeFiles 1
Building C object CMakeFiles/cmTryCompileExec4043992732.dir/CheckFunctionExists.c.o
/usr/bin/cc   -DCHECK_FUNCTION_EXISTS=pthread_create   -o CMakeFiles/cmTryCompileExec4043992732.dir/CheckFunctionExists.c.o   -c /usr/share/cmake/Modules/CheckFunctionExists.c
Linking C executable cmTryCompileExec4043992732
/usr/bin/cmake -E cmake_link_script CMakeFiles/cmTryCompileExec4043992732.dir/link.txt --verbose=1
/usr/bin/cc   -DCHECK_FUNCTION_EXISTS=pthread_create    CMakeFiles/cmTryCompileExec4043992732.dir/CheckFunctionExists.c.o  -o cmTryCompileExec4043992732 -rdynamic -lpthreads 
/usr/lib/gcc/x86_64-pc-linux-gnu/4.7.3/../../../../x86_64-pc-linux-gnu/bin/ld: cannot find -lpthreads
collect2: 错误：ld 返回 1
CMakeFiles/cmTryCompileExec4043992732.dir/build.make:91: recipe for target 'cmTryCompileExec4043992732' failed
gmake[1]: *** [cmTryCompileExec4043992732] Error 1
gmake[1]: Leaving directory '/home/mylxiaoyi/ros_catkin_ws/src/gazebo-4.0.0/build/CMakeFiles/CMakeTmp'
Makefile:117: recipe for target 'cmTryCompileExec4043992732/fast' failed
gmake: *** [cmTryCompileExec4043992732/fast] Error 2


Determining if the Q_WS_WIN exist failed with the following output:
Change Dir: /home/mylxiaoyi/ros_catkin_ws/src/gazebo-4.0.0/build/CMakeFiles/CMakeTmp

Run Build Command:/usr/bin/gmake "cmTryCompileExec1223188353/fast"
/usr/bin/gmake -f CMakeFiles/cmTryCompileExec1223188353.dir/build.make CMakeFiles/cmTryCompileExec1223188353.dir/build
gmake[1]: Entering directory '/home/mylxiaoyi/ros_catkin_ws/src/gazebo-4.0.0/build/CMakeFiles/CMakeTmp'
/usr/bin/cmake -E cmake_progress_report /home/mylxiaoyi/ros_catkin_ws/src/gazebo-4.0.0/build/CMakeFiles/CMakeTmp/CMakeFiles 1
Building CXX object CMakeFiles/cmTryCompileExec1223188353.dir/CheckSymbolExists.cxx.o
/usr/bin/c++    -I/usr/include/qt4    -o CMakeFiles/cmTryCompileExec1223188353.dir/CheckSymbolExists.cxx.o -c /home/mylxiaoyi/ros_catkin_ws/src/gazebo-4.0.0/build/CMakeFiles/CMakeTmp/CheckSymbolExists.cxx
/home/mylxiaoyi/ros_catkin_ws/src/gazebo-4.0.0/build/CMakeFiles/CMakeTmp/CheckSymbolExists.cxx: 在函数‘int main(int, char**)’中:
/home/mylxiaoyi/ros_catkin_ws/src/gazebo-4.0.0/build/CMakeFiles/CMakeTmp/CheckSymbolExists.cxx:8:19: 错误：‘Q_WS_WIN’在此作用域中尚未声明
CMakeFiles/cmTryCompileExec1223188353.dir/build.make:60: recipe for target 'CMakeFiles/cmTryCompileExec1223188353.dir/CheckSymbolExists.cxx.o' failed
gmake[1]: Leaving directory '/home/mylxiaoyi/ros_catkin_ws/src/gazebo-4.0.0/build/CMakeFiles/CMakeTmp'
gmake[1]: *** [CMakeFiles/cmTryCompileExec1223188353.dir/CheckSymbolExists.cxx.o] Error 1
Makefile:117: recipe for target 'cmTryCompileExec1223188353/fast' failed
gmake: *** [cmTryCompileExec1223188353/fast] Error 2

File /home/mylxiaoyi/ros_catkin_ws/src/gazebo-4.0.0/build/CMakeFiles/CMakeTmp/CheckSymbolExists.cxx:
/* */
#include <QtCore/qglobal.h>

int main(int argc, char** argv)
{
  (void)argv;
#ifndef Q_WS_WIN
  return ((int*)(&Q_WS_WIN))[argc];
#else
  (void)argc;
  return 0;
#endif
}

Determining if the Q_WS_QWS exist failed with the following output:
Change Dir: /home/mylxiaoyi/ros_catkin_ws/src/gazebo-4.0.0/build/CMakeFiles/CMakeTmp

Run Build Command:/usr/bin/gmake "cmTryCompileExec2093040682/fast"
/usr/bin/gmake -f CMakeFiles/cmTryCompileExec2093040682.dir/build.make CMakeFiles/cmTryCompileExec2093040682.dir/build
gmake[1]: Entering directory '/home/mylxiaoyi/ros_catkin_ws/src/gazebo-4.0.0/build/CMakeFiles/CMakeTmp'
/usr/bin/cmake -E cmake_progress_report /home/mylxiaoyi/ros_catkin_ws/src/gazebo-4.0.0/build/CMakeFiles/CMakeTmp/CMakeFiles 1
Building CXX object CMakeFiles/cmTryCompileExec2093040682.dir/CheckSymbolExists.cxx.o
/usr/bin/c++    -I/usr/include/qt4    -o CMakeFiles/cmTryCompileExec2093040682.dir/CheckSymbolExists.cxx.o -c /home/mylxiaoyi/ros_catkin_ws/src/gazebo-4.0.0/build/CMakeFiles/CMakeTmp/CheckSymbolExists.cxx
/home/mylxiaoyi/ros_catkin_ws/src/gazebo-4.0.0/build/CMakeFiles/CMakeTmp/CheckSymbolExists.cxx: 在函数‘int main(int, char**)’中:
/home/mylxiaoyi/ros_catkin_ws/src/gazebo-4.0.0/build/CMakeFiles/CMakeTmp/CheckSymbolExists.cxx:8:19: 错误：‘Q_WS_QWS’在此作用域中尚未声明
CMakeFiles/cmTryCompileExec2093040682.dir/build.make:60: recipe for target 'CMakeFiles/cmTryCompileExec2093040682.dir/CheckSymbolExists.cxx.o' failed
gmake[1]: *** [CMakeFiles/cmTryCompileExec2093040682.dir/CheckSymbolExists.cxx.o] Error 1
gmake[1]: Leaving directory '/home/mylxiaoyi/ros_catkin_ws/src/gazebo-4.0.0/build/CMakeFiles/CMakeTmp'
Makefile:117: recipe for target 'cmTryCompileExec2093040682/fast' failed
gmake: *** [cmTryCompileExec2093040682/fast] Error 2

File /home/mylxiaoyi/ros_catkin_ws/src/gazebo-4.0.0/build/CMakeFiles/CMakeTmp/CheckSymbolExists.cxx:
/* */
#include <QtCore/qglobal.h>

int main(int argc, char** argv)
{
  (void)argv;
#ifndef Q_WS_QWS
  return ((int*)(&Q_WS_QWS))[argc];
#else
  (void)argc;
  return 0;
#endif
}

Determining if the Q_WS_MAC exist failed with the following output:
Change Dir: /home/mylxiaoyi/ros_catkin_ws/src/gazebo-4.0.0/build/CMakeFiles/CMakeTmp

Run Build Command:/usr/bin/gmake "cmTryCompileExec3422183830/fast"
/usr/bin/gmake -f CMakeFiles/cmTryCompileExec3422183830.dir/build.make CMakeFiles/cmTryCompileExec3422183830.dir/build
gmake[1]: Entering directory '/home/mylxiaoyi/ros_catkin_ws/src/gazebo-4.0.0/build/CMakeFiles/CMakeTmp'
/usr/bin/cmake -E cmake_progress_report /home/mylxiaoyi/ros_catkin_ws/src/gazebo-4.0.0/build/CMakeFiles/CMakeTmp/CMakeFiles 1
Building CXX object CMakeFiles/cmTryCompileExec3422183830.dir/CheckSymbolExists.cxx.o
/usr/bin/c++    -I/usr/include/qt4    -o CMakeFiles/cmTryCompileExec3422183830.dir/CheckSymbolExists.cxx.o -c /home/mylxiaoyi/ros_catkin_ws/src/gazebo-4.0.0/build/CMakeFiles/CMakeTmp/CheckSymbolExists.cxx
/home/mylxiaoyi/ros_catkin_ws/src/gazebo-4.0.0/build/CMakeFiles/CMakeTmp/CheckSymbolExists.cxx: 在函数‘int main(int, char**)’中:
/home/mylxiaoyi/ros_catkin_ws/src/gazebo-4.0.0/build/CMakeFiles/CMakeTmp/CheckSymbolExists.cxx:8:19: 错误：‘Q_WS_MAC’在此作用域中尚未声明
CMakeFiles/cmTryCompileExec3422183830.dir/build.make:60: recipe for target 'CMakeFiles/cmTryCompileExec3422183830.dir/CheckSymbolExists.cxx.o' failed
gmake[1]: Leaving directory '/home/mylxiaoyi/ros_catkin_ws/src/gazebo-4.0.0/build/CMakeFiles/CMakeTmp'
gmake[1]: *** [CMakeFiles/cmTryCompileExec3422183830.dir/CheckSymbolExists.cxx.o] Error 1
Makefile:117: recipe for target 'cmTryCompileExec3422183830/fast' failed
gmake: *** [cmTryCompileExec3422183830/fast] Error 2

File /home/mylxiaoyi/ros_catkin_ws/src/gazebo-4.0.0/build/CMakeFiles/CMakeTmp/CheckSymbolExists.cxx:
/* */
#include <QtCore/qglobal.h>

int main(int argc, char** argv)
{
  (void)argv;
#ifndef Q_WS_MAC
  return ((int*)(&Q_WS_MAC))[argc];
#else
  (void)argc;
  return 0;
#endif
}

